{"/Users/agiammarchi/git/bide/cjs/index.js":{"path":"/Users/agiammarchi/git/bide/cjs/index.js","s":{"1":1,"2":2,"3":1,"4":1,"5":36,"6":1,"7":17,"8":2,"9":17,"10":1,"11":6,"12":1,"13":6,"14":6,"15":1,"16":6,"17":6,"18":6,"19":5,"20":10,"21":10,"22":8,"23":8,"24":25,"25":19,"26":19,"27":7,"28":5,"29":2,"30":2,"31":2,"32":12,"33":6,"34":6,"35":10},"b":{"1":[1,1],"2":[36,21],"3":[2,15],"4":[1,5],"5":[6,1],"6":[6,1],"7":[8,2],"8":[19,6],"9":[7,12]},"f":{"1":2,"2":36,"3":17,"4":6,"5":1,"6":5,"7":10,"8":25,"9":5,"10":2},"fnMap":{"1":{"name":"done","line":19,"loc":{"start":{"line":19,"column":0},"end":{"line":19,"column":19}}},"2":{"name":"isPromise","line":20,"loc":{"start":{"line":20,"column":0},"end":{"line":20,"column":26}}},"3":{"name":"unshiftThen","line":21,"loc":{"start":{"line":21,"column":0},"end":{"line":21,"column":44}}},"4":{"name":"(anonymous_4)","line":26,"loc":{"start":{"line":26,"column":17},"end":{"line":26,"column":36}}},"5":{"name":"(anonymous_5)","line":28,"loc":{"start":{"line":28,"column":29},"end":{"line":28,"column":46}}},"6":{"name":"(anonymous_6)","line":32,"loc":{"start":{"line":32,"column":13},"end":{"line":32,"column":16}}},"7":{"name":"(anonymous_7)","line":33,"loc":{"start":{"line":33,"column":8},"end":{"line":33,"column":20}}},"8":{"name":"resolve","line":37,"loc":{"start":{"line":37,"column":9},"end":{"line":37,"column":28}}},"9":{"name":"(anonymous_9)","line":42,"loc":{"start":{"line":42,"column":16},"end":{"line":42,"column":33}}},"10":{"name":"(anonymous_10)","line":43,"loc":{"start":{"line":43,"column":16},"end":{"line":43,"column":33}}}},"statementMap":{"1":{"start":{"line":19,"column":0},"end":{"line":19,"column":55}},"2":{"start":{"line":19,"column":21},"end":{"line":19,"column":53}},"3":{"start":{"line":19,"column":43},"end":{"line":19,"column":53}},"4":{"start":{"line":20,"column":0},"end":{"line":20,"column":87}},"5":{"start":{"line":20,"column":28},"end":{"line":20,"column":85}},"6":{"start":{"line":21,"column":0},"end":{"line":24,"column":1}},"7":{"start":{"line":22,"column":2},"end":{"line":22,"column":45}},"8":{"start":{"line":22,"column":24},"end":{"line":22,"column":45}},"9":{"start":{"line":23,"column":2},"end":{"line":23,"column":12}},"10":{"start":{"line":26,"column":0},"end":{"line":60,"column":2}},"11":{"start":{"line":26,"column":38},"end":{"line":26,"column":65}},"12":{"start":{"line":26,"column":52},"end":{"line":26,"column":65}},"13":{"start":{"line":27,"column":2},"end":{"line":27,"column":35}},"14":{"start":{"line":28,"column":2},"end":{"line":28,"column":64}},"15":{"start":{"line":28,"column":48},"end":{"line":28,"column":61}},"16":{"start":{"line":29,"column":2},"end":{"line":29,"column":17}},"17":{"start":{"line":30,"column":2},"end":{"line":30,"column":29}},"18":{"start":{"line":31,"column":2},"end":{"line":59,"column":4}},"19":{"start":{"line":32,"column":18},"end":{"line":32,"column":32}},"20":{"start":{"line":34,"column":6},"end":{"line":34,"column":41}},"21":{"start":{"line":35,"column":6},"end":{"line":56,"column":7}},"22":{"start":{"line":36,"column":8},"end":{"line":36,"column":27}},"23":{"start":{"line":37,"column":8},"end":{"line":55,"column":13}},"24":{"start":{"line":38,"column":10},"end":{"line":54,"column":11}},"25":{"start":{"line":39,"column":12},"end":{"line":39,"column":41}},"26":{"start":{"line":40,"column":12},"end":{"line":50,"column":56}},"27":{"start":{"line":41,"column":14},"end":{"line":48,"column":16}},"28":{"start":{"line":42,"column":35},"end":{"line":42,"column":76}},"29":{"start":{"line":44,"column":18},"end":{"line":44,"column":34}},"30":{"start":{"line":45,"column":18},"end":{"line":45,"column":38}},"31":{"start":{"line":46,"column":18},"end":{"line":46,"column":31}},"32":{"start":{"line":50,"column":14},"end":{"line":50,"column":56}},"33":{"start":{"line":52,"column":12},"end":{"line":52,"column":32}},"34":{"start":{"line":53,"column":12},"end":{"line":53,"column":20}},"35":{"start":{"line":57,"column":6},"end":{"line":57,"column":18}}},"branchMap":{"1":{"line":19,"type":"if","locations":[{"start":{"line":19,"column":21},"end":{"line":19,"column":21}},{"start":{"line":19,"column":21},"end":{"line":19,"column":21}}]},"2":{"line":20,"type":"binary-expr","locations":[{"start":{"line":20,"column":35},"end":{"line":20,"column":48}},{"start":{"line":20,"column":52},"end":{"line":20,"column":84}}]},"3":{"line":22,"type":"if","locations":[{"start":{"line":22,"column":2},"end":{"line":22,"column":2}},{"start":{"line":22,"column":2},"end":{"line":22,"column":2}}]},"4":{"line":26,"type":"if","locations":[{"start":{"line":26,"column":38},"end":{"line":26,"column":38}},{"start":{"line":26,"column":38},"end":{"line":26,"column":38}}]},"5":{"line":27,"type":"binary-expr","locations":[{"start":{"line":27,"column":14},"end":{"line":27,"column":26}},{"start":{"line":27,"column":30},"end":{"line":27,"column":34}}]},"6":{"line":28,"type":"binary-expr","locations":[{"start":{"line":28,"column":13},"end":{"line":28,"column":25}},{"start":{"line":28,"column":29},"end":{"line":28,"column":63}}]},"7":{"line":35,"type":"if","locations":[{"start":{"line":35,"column":6},"end":{"line":35,"column":6}},{"start":{"line":35,"column":6},"end":{"line":35,"column":6}}]},"8":{"line":38,"type":"if","locations":[{"start":{"line":38,"column":10},"end":{"line":38,"column":10}},{"start":{"line":38,"column":10},"end":{"line":38,"column":10}}]},"9":{"line":40,"type":"if","locations":[{"start":{"line":40,"column":12},"end":{"line":40,"column":12}},{"start":{"line":40,"column":12},"end":{"line":40,"column":12}}]}}}}