TN:
SF:/Users/agiammarchi/git/bide/cjs/index.js
FN:19,done
FN:20,isPromise
FN:21,unshiftThen
FN:26,(anonymous_4)
FN:28,(anonymous_5)
FN:32,(anonymous_6)
FN:33,(anonymous_7)
FN:37,resolve
FN:42,(anonymous_9)
FN:43,(anonymous_10)
FNF:10
FNH:10
FNDA:2,done
FNDA:36,isPromise
FNDA:17,unshiftThen
FNDA:6,(anonymous_4)
FNDA:1,(anonymous_5)
FNDA:5,(anonymous_6)
FNDA:10,(anonymous_7)
FNDA:25,resolve
FNDA:5,(anonymous_9)
FNDA:2,(anonymous_10)
DA:19,2
DA:20,36
DA:21,1
DA:22,17
DA:23,17
DA:26,6
DA:27,6
DA:28,6
DA:29,6
DA:30,6
DA:31,6
DA:32,5
DA:34,10
DA:35,10
DA:36,8
DA:37,8
DA:38,25
DA:39,19
DA:40,19
DA:41,7
DA:42,5
DA:44,2
DA:45,2
DA:46,2
DA:50,12
DA:52,6
DA:53,6
DA:57,10
LF:28
LH:28
BRDA:19,1,0,1
BRDA:19,1,1,1
BRDA:20,2,0,36
BRDA:20,2,1,21
BRDA:22,3,0,2
BRDA:22,3,1,15
BRDA:26,4,0,1
BRDA:26,4,1,5
BRDA:27,5,0,6
BRDA:27,5,1,1
BRDA:28,6,0,6
BRDA:28,6,1,1
BRDA:35,7,0,8
BRDA:35,7,1,2
BRDA:38,8,0,19
BRDA:38,8,1,6
BRDA:40,9,0,7
BRDA:40,9,1,12
BRF:18
BRH:18
end_of_record
